<?xml version="1.0" encoding="UTF-8"?>
<!-- Generated by org.testng.reporters.JUnitReportReporter -->
<testsuite hostname="sonu" failures="0" tests="2" name="testcases.LoginTest1" time="33.286" errors="0" timestamp="04 Jan 2024 18:58:24 GMT" skipped="0">
  <testcase classname="testcases.LoginTest1" name="LoginSuccessTest" time="16.728"/>
  <testcase classname="testcases.LoginTest1" name="LoginFailureTest" time="16.558"/>
</testsuite> <!-- testcases.LoginTest1 -->
