<?xml version="1.0" encoding="UTF-8"?>
<!-- Generated by org.testng.reporters.JUnitReportReporter -->
<testsuite hostname="sonu" failures="0" tests="2" name="testcases.LoginTest1" time="33.983" errors="0" timestamp="03 Jan 2024 21:19:34 GMT" skipped="0">
  <testcase classname="testcases.LoginTest1" name="LoginFailureTest" time="18.603"/>
  <testcase classname="testcases.LoginTest1" name="LoginSuccessTest" time="15.380"/>
</testsuite> <!-- testcases.LoginTest1 -->
